Построение начато 12.09.2013 12:23:54.
     1>Проект "c:\Users\Denis\documents\visual studio 2010\Projects\DraGo\DraGo\DraGo.vcxproj" в узле 2 (целевые объекты build).
     1>InitializeBuildStatus:
         Обращение к "Debug\DraGo.unsuccessfulbuild".
       GenerateTargetFrameworkMonikerAttribute:
       Целевой объект "GenerateTargetFrameworkMonikerAttribute" пропускается, так как все выходные файлы актуальны по отношению к входным.
       ClCompile:
         Для всех выходных данных обновления не требуется.
         C:\Program Files\Microsoft Visual Studio 10.0\VC\bin\CL.exe /c /AI"C:\Program Files\Reference Assemblies\Microsoft\Framework\.NETFramework\v4.0" /Zi /clr:pure /nologo /W3 /WX- /Od /Oy- /D WIN32 /D _DEBUG /D _UNICODE /D UNICODE /EHa /MDd /GS /fp:precise /Zc:wchar_t /Zc:forScope /Yu"StdAfx.h" /Fp"Debug\DraGo.pch" /Fo"Debug\\" /Fd"Debug\vc100.pdb" /TP /FU"C:\Program Files\Reference Assemblies\Microsoft\Framework\.NETFramework\v4.0\System.Core.dll" /FU"C:\Program Files\Reference Assemblies\Microsoft\Framework\.NETFramework\v4.0\System.Data.dll" /FU"C:\Program Files\Reference Assemblies\Microsoft\Framework\.NETFramework\v4.0\System.dll" /FU"C:\Program Files\Reference Assemblies\Microsoft\Framework\.NETFramework\v4.0\System.Drawing.dll" /FU"C:\Program Files\Reference Assemblies\Microsoft\Framework\.NETFramework\v4.0\System.Windows.Forms.dll" /FU"C:\Program Files\Reference Assemblies\Microsoft\Framework\.NETFramework\v4.0\System.Xml.dll" /analyze- /errorReport:prompt DraGo.cpp /clr:nostdlib 
         DraGo.cpp
     1>c:\users\denis\documents\visual studio 2010\projects\drago\drago\Form1.h(2): warning C4067: непредвиденные лексемы за директивой препроцессора, требуется newline
         Для всех выходных данных обновления не требуется.
       CoreResGen:
         "C:\Program Files\Microsoft SDKs\Windows\v7.0A\bin\NETFX 4.0 Tools\resgen.exe" /useSourcePath /r:"C:\Program Files\Reference Assemblies\Microsoft\Framework\.NETFramework\v4.0\System.Core.dll" /r:"C:\Program Files\Reference Assemblies\Microsoft\Framework\.NETFramework\v4.0\System.Data.dll" /r:"C:\Program Files\Reference Assemblies\Microsoft\Framework\.NETFramework\v4.0\System.dll" /r:"C:\Program Files\Reference Assemblies\Microsoft\Framework\.NETFramework\v4.0\System.Drawing.dll" /r:"C:\Program Files\Reference Assemblies\Microsoft\Framework\.NETFramework\v4.0\System.Windows.Forms.dll" /r:"C:\Program Files\Reference Assemblies\Microsoft\Framework\.NETFramework\v4.0\System.Xml.dll" /compile Add.resx,Debug\DraGo.Add.resources Form1.resX,Debug\DraGo.Form1.resources
         Обрабатывается файл ресурсов "Add.resx", результирующий объект: "Debug\DraGo.Add.resources".
         Обрабатывается файл ресурсов "Form1.resX", результирующий объект: "Debug\DraGo.Form1.resources".
       ResourceCompile:
         Для всех выходных данных обновления не требуется.
       Link:
         C:\Program Files\Microsoft Visual Studio 10.0\VC\bin\link.exe /ERRORREPORT:PROMPT /OUT:"c:\users\denis\documents\visual studio 2010\Projects\DraGo\Debug\DraGo.exe" /INCREMENTAL /NOLOGO /ASSEMBLYRESOURCE:Debug\DraGo.Add.resources /ASSEMBLYRESOURCE:Debug\DraGo.Form1.resources /MANIFEST /ManifestFile:"Debug\DraGo.exe.intermediate.manifest" /MANIFESTUAC:"level='asInvoker' uiAccess='false'" /DEBUG /PDB:"c:\users\denis\documents\visual studio 2010\Projects\DraGo\Debug\DraGo.pdb" /ASSEMBLYDEBUG /SUBSYSTEM:WINDOWS /TLBID:1 /ENTRY:"main" /DYNAMICBASE /FIXED:NO /NXCOMPAT /MACHINE:X86 Debug\app.res
         Debug\Add.obj
         Debug\AssemblyInfo.obj
         Debug\DraGo.obj
         Debug\stdafx.obj
         "Debug\.NETFramework,Version=v4.0.AssemblyAttributes.obj"
         DraGo.vcxproj -> c:\users\denis\documents\visual studio 2010\Projects\DraGo\Debug\DraGo.exe
       Manifest:
         C:\Program Files\Microsoft SDKs\Windows\v7.0A\bin\mt.exe /nologo /verbose /outputresource:"c:\users\denis\documents\visual studio 2010\Projects\DraGo\Debug\DraGo.exe;#1" /manifest Debug\DraGo.exe.intermediate.manifest
       FinalizeBuildStatus:
         Файл "Debug\DraGo.unsuccessfulbuild" удаляется.
         Обращение к "Debug\DraGo.lastbuildstate".
     1>Построение проекта "c:\Users\Denis\documents\visual studio 2010\Projects\DraGo\DraGo\DraGo.vcxproj" завершено (целевые объекты build).

Построение успешно завершено.

Затраченное время: 00:00:04.03
